<?xml version="1.0" encoding="UTF-8"?>
<!-- Generated by org.testng.reporters.JUnitReportReporter -->
<testsuite skipped="0" hostname="LP-TZD-0X105599" name="api.tests.PetStoreAPITest" tests="3" failures="0" timestamp="09 Feb 2023 05:36:23 GMT" time="7.740" errors="0">
  <testcase name="UpdatePet" time="3.473" classname="api.tests.PetStoreAPITest"/>
  <testcase name="AddPet" time="2.661" classname="api.tests.PetStoreAPITest"/>
  <testcase name="GetPet" time="1.606" classname="api.tests.PetStoreAPITest"/>
</testsuite> <!-- api.tests.PetStoreAPITest -->
