<?xml version="1.0" encoding="UTF-8"?>
<!-- Generated by org.testng.reporters.JUnitReportReporter -->
<testsuite skipped="0" hostname="LP-TZD-0X105599" name="com.tests.HomeTest" tests="1" failures="0" timestamp="14 Feb 2023 05:51:08 GMT" time="25.663" errors="0">
  <testcase name="VerifySearchedProductFromList" time="25.663" classname="com.tests.HomeTest"/>
</testsuite> <!-- com.tests.HomeTest -->
