<?xml version="1.0" encoding="UTF-8"?>
<!-- Generated by org.testng.reporters.JUnitReportReporter -->
<testsuite skipped="0" hostname="LP-TZD-0X105599" name="api.tests.PetStoreAPITest" tests="3" failures="0" timestamp="14 Feb 2023 05:19:05 GMT" time="8.151" errors="0">
  <testcase name="UpdatePet" time="3.435" classname="api.tests.PetStoreAPITest"/>
  <testcase name="AddPet" time="3.472" classname="api.tests.PetStoreAPITest"/>
  <testcase name="GetPet" time="1.244" classname="api.tests.PetStoreAPITest"/>
</testsuite> <!-- api.tests.PetStoreAPITest -->
