<?xml version="1.0" encoding="UTF-8"?>
<!-- Generated by org.testng.reporters.JUnitReportReporter -->
<testsuite skipped="0" hostname="LP-TZD-0X105599" name="com.tests.HomeTest" tests="1" failures="0" timestamp="09 Feb 2023 05:37:33 GMT" time="58.688" errors="0">
  <testcase name="VerifySearchedProductFromList" time="58.688" classname="com.tests.HomeTest"/>
</testsuite> <!-- com.tests.HomeTest -->
